{"/Users/tuananhle/Desktop/Everything/Springboard/Node/Node-biztime/app.js": {"path":"/Users/tuananhle/Desktop/Everything/Springboard/Node/Node-biztime/app.js","statementMap":{"0":{"start":{"line":4,"column":16},"end":{"line":4,"column":34}},"1":{"start":{"line":5,"column":12},"end":{"line":5,"column":21}},"2":{"start":{"line":6,"column":21},"end":{"line":6,"column":46}},"3":{"start":{"line":8,"column":0},"end":{"line":8,"column":24}},"4":{"start":{"line":11,"column":22},"end":{"line":11,"column":51}},"5":{"start":{"line":12,"column":0},"end":{"line":12,"column":37}},"6":{"start":{"line":15,"column":22},"end":{"line":15,"column":50}},"7":{"start":{"line":16,"column":0},"end":{"line":16,"column":36}},"8":{"start":{"line":19,"column":0},"end":{"line":22,"column":3}},"9":{"start":{"line":20,"column":14},"end":{"line":20,"column":48}},"10":{"start":{"line":21,"column":2},"end":{"line":21,"column":19}},"11":{"start":{"line":26,"column":0},"end":{"line":33,"column":3}},"12":{"start":{"line":27,"column":2},"end":{"line":27,"column":32}},"13":{"start":{"line":29,"column":2},"end":{"line":32,"column":5}},"14":{"start":{"line":36,"column":0},"end":{"line":36,"column":21}}},"fnMap":{"0":{"name":"(anonymous_0)","decl":{"start":{"line":19,"column":8},"end":{"line":19,"column":9}},"loc":{"start":{"line":19,"column":33},"end":{"line":22,"column":1}},"line":19},"1":{"name":"(anonymous_1)","decl":{"start":{"line":26,"column":8},"end":{"line":26,"column":9}},"loc":{"start":{"line":26,"column":33},"end":{"line":33,"column":1}},"line":26}},"branchMap":{"0":{"loc":{"start":{"line":27,"column":13},"end":{"line":27,"column":30}},"type":"binary-expr","locations":[{"start":{"line":27,"column":13},"end":{"line":27,"column":23}},{"start":{"line":27,"column":27},"end":{"line":27,"column":30}}],"line":27}},"s":{"0":1,"1":1,"2":1,"3":1,"4":1,"5":1,"6":1,"7":1,"8":1,"9":0,"10":0,"11":1,"12":2,"13":2,"14":1},"f":{"0":0,"1":2},"b":{"0":[2,0]},"_coverageSchema":"1a1c01bbd47fc00a2c39e90264f33305004495a9","hash":"10831f3cd5d9fdcae3cb852881578c7f8b0b7921"}
,"/Users/tuananhle/Desktop/Everything/Springboard/Node/Node-biztime/db.js": {"path":"/Users/tuananhle/Desktop/Everything/Springboard/Node/Node-biztime/db.js","statementMap":{"0":{"start":{"line":2,"column":17},"end":{"line":2,"column":30}},"1":{"start":{"line":6,"column":0},"end":{"line":10,"column":1}},"2":{"start":{"line":7,"column":4},"end":{"line":7,"column":42}},"3":{"start":{"line":9,"column":4},"end":{"line":9,"column":37}},"4":{"start":{"line":12,"column":9},"end":{"line":14,"column":2}},"5":{"start":{"line":16,"column":0},"end":{"line":16,"column":13}},"6":{"start":{"line":18,"column":0},"end":{"line":18,"column":20}}},"fnMap":{},"branchMap":{"0":{"loc":{"start":{"line":6,"column":0},"end":{"line":10,"column":1}},"type":"if","locations":[{"start":{"line":6,"column":0},"end":{"line":10,"column":1}},{"start":{"line":6,"column":0},"end":{"line":10,"column":1}}],"line":6}},"s":{"0":1,"1":1,"2":1,"3":0,"4":1,"5":1,"6":1},"f":{},"b":{"0":[1,0]},"_coverageSchema":"1a1c01bbd47fc00a2c39e90264f33305004495a9","hash":"2c87cdf149bbaf626d5c626f83cbeadf717400fd"}
,"/Users/tuananhle/Desktop/Everything/Springboard/Node/Node-biztime/expressError.js": {"path":"/Users/tuananhle/Desktop/Everything/Springboard/Node/Node-biztime/expressError.js","statementMap":{"0":{"start":{"line":9,"column":4},"end":{"line":9,"column":12}},"1":{"start":{"line":10,"column":4},"end":{"line":10,"column":27}},"2":{"start":{"line":11,"column":4},"end":{"line":11,"column":25}},"3":{"start":{"line":16,"column":0},"end":{"line":16,"column":30}}},"fnMap":{"0":{"name":"(anonymous_0)","decl":{"start":{"line":8,"column":2},"end":{"line":8,"column":3}},"loc":{"start":{"line":8,"column":31},"end":{"line":12,"column":3}},"line":8}},"branchMap":{},"s":{"0":2,"1":2,"2":2,"3":1},"f":{"0":2},"b":{},"_coverageSchema":"1a1c01bbd47fc00a2c39e90264f33305004495a9","hash":"c84e68c6412a4be8ceaf5eb967d1d0cec8140c2d"}
,"/Users/tuananhle/Desktop/Everything/Springboard/Node/Node-biztime/routes/companies.js": {"path":"/Users/tuananhle/Desktop/Everything/Springboard/Node/Node-biztime/routes/companies.js","statementMap":{"0":{"start":{"line":1,"column":16},"end":{"line":1,"column":34}},"1":{"start":{"line":2,"column":15},"end":{"line":2,"column":31}},"2":{"start":{"line":3,"column":21},"end":{"line":3,"column":47}},"3":{"start":{"line":4,"column":11},"end":{"line":4,"column":27}},"4":{"start":{"line":6,"column":0},"end":{"line":13,"column":2}},"5":{"start":{"line":7,"column":4},"end":{"line":12,"column":5}},"6":{"start":{"line":8,"column":19},"end":{"line":8,"column":60}},"7":{"start":{"line":9,"column":8},"end":{"line":9,"column":46}},"8":{"start":{"line":11,"column":8},"end":{"line":11,"column":23}},"9":{"start":{"line":15,"column":0},"end":{"line":27,"column":2}},"10":{"start":{"line":16,"column":4},"end":{"line":26,"column":5}},"11":{"start":{"line":17,"column":23},"end":{"line":17,"column":33}},"12":{"start":{"line":18,"column":19},"end":{"line":19,"column":33}},"13":{"start":{"line":20,"column":8},"end":{"line":22,"column":9}},"14":{"start":{"line":21,"column":12},"end":{"line":21,"column":91}},"15":{"start":{"line":23,"column":8},"end":{"line":23,"column":46}},"16":{"start":{"line":25,"column":8},"end":{"line":25,"column":23}},"17":{"start":{"line":29,"column":0},"end":{"line":43,"column":2}},"18":{"start":{"line":30,"column":4},"end":{"line":42,"column":5}},"19":{"start":{"line":31,"column":42},"end":{"line":31,"column":50}},"20":{"start":{"line":32,"column":8},"end":{"line":39,"column":9}},"21":{"start":{"line":33,"column":23},"end":{"line":35,"column":51}},"22":{"start":{"line":36,"column":12},"end":{"line":36,"column":50}},"23":{"start":{"line":38,"column":12},"end":{"line":38,"column":91}},"24":{"start":{"line":41,"column":8},"end":{"line":41,"column":23}},"25":{"start":{"line":45,"column":0},"end":{"line":60,"column":2}},"26":{"start":{"line":46,"column":4},"end":{"line":59,"column":5}},"27":{"start":{"line":47,"column":26},"end":{"line":47,"column":36}},"28":{"start":{"line":48,"column":42},"end":{"line":48,"column":50}},"29":{"start":{"line":49,"column":19},"end":{"line":52,"column":56}},"30":{"start":{"line":53,"column":8},"end":{"line":55,"column":9}},"31":{"start":{"line":54,"column":12},"end":{"line":54,"column":93}},"32":{"start":{"line":56,"column":8},"end":{"line":56,"column":46}},"33":{"start":{"line":58,"column":8},"end":{"line":58,"column":23}},"34":{"start":{"line":62,"column":0},"end":{"line":74,"column":2}},"35":{"start":{"line":63,"column":4},"end":{"line":73,"column":5}},"36":{"start":{"line":64,"column":23},"end":{"line":64,"column":33}},"37":{"start":{"line":65,"column":19},"end":{"line":66,"column":44}},"38":{"start":{"line":67,"column":8},"end":{"line":69,"column":9}},"39":{"start":{"line":68,"column":12},"end":{"line":68,"column":93}},"40":{"start":{"line":70,"column":8},"end":{"line":70,"column":42}},"41":{"start":{"line":72,"column":8},"end":{"line":72,"column":23}},"42":{"start":{"line":77,"column":0},"end":{"line":77,"column":24}}},"fnMap":{"0":{"name":"(anonymous_0)","decl":{"start":{"line":6,"column":16},"end":{"line":6,"column":17}},"loc":{"start":{"line":6,"column":40},"end":{"line":13,"column":1}},"line":6},"1":{"name":"(anonymous_1)","decl":{"start":{"line":15,"column":21},"end":{"line":15,"column":22}},"loc":{"start":{"line":15,"column":45},"end":{"line":27,"column":1}},"line":15},"2":{"name":"(anonymous_2)","decl":{"start":{"line":29,"column":17},"end":{"line":29,"column":18}},"loc":{"start":{"line":29,"column":41},"end":{"line":43,"column":1}},"line":29},"3":{"name":"(anonymous_3)","decl":{"start":{"line":45,"column":26},"end":{"line":45,"column":27}},"loc":{"start":{"line":45,"column":50},"end":{"line":60,"column":1}},"line":45},"4":{"name":"(anonymous_4)","decl":{"start":{"line":62,"column":24},"end":{"line":62,"column":25}},"loc":{"start":{"line":62,"column":48},"end":{"line":74,"column":1}},"line":62}},"branchMap":{"0":{"loc":{"start":{"line":20,"column":8},"end":{"line":22,"column":9}},"type":"if","locations":[{"start":{"line":20,"column":8},"end":{"line":22,"column":9}},{"start":{"line":20,"column":8},"end":{"line":22,"column":9}}],"line":20},"1":{"loc":{"start":{"line":32,"column":8},"end":{"line":39,"column":9}},"type":"if","locations":[{"start":{"line":32,"column":8},"end":{"line":39,"column":9}},{"start":{"line":32,"column":8},"end":{"line":39,"column":9}}],"line":32},"2":{"loc":{"start":{"line":32,"column":12},"end":{"line":32,"column":45}},"type":"binary-expr","locations":[{"start":{"line":32,"column":12},"end":{"line":32,"column":18}},{"start":{"line":32,"column":22},"end":{"line":32,"column":28}},{"start":{"line":32,"column":32},"end":{"line":32,"column":45}}],"line":32},"3":{"loc":{"start":{"line":53,"column":8},"end":{"line":55,"column":9}},"type":"if","locations":[{"start":{"line":53,"column":8},"end":{"line":55,"column":9}},{"start":{"line":53,"column":8},"end":{"line":55,"column":9}}],"line":53},"4":{"loc":{"start":{"line":67,"column":8},"end":{"line":69,"column":9}},"type":"if","locations":[{"start":{"line":67,"column":8},"end":{"line":69,"column":9}},{"start":{"line":67,"column":8},"end":{"line":69,"column":9}}],"line":67}},"s":{"0":1,"1":1,"2":1,"3":1,"4":1,"5":0,"6":0,"7":0,"8":0,"9":1,"10":0,"11":0,"12":0,"13":0,"14":0,"15":0,"16":0,"17":1,"18":0,"19":0,"20":0,"21":0,"22":0,"23":0,"24":0,"25":1,"26":0,"27":0,"28":0,"29":0,"30":0,"31":0,"32":0,"33":0,"34":1,"35":0,"36":0,"37":0,"38":0,"39":0,"40":0,"41":0,"42":1},"f":{"0":0,"1":0,"2":0,"3":0,"4":0},"b":{"0":[0,0],"1":[0,0],"2":[0,0,0],"3":[0,0],"4":[0,0]},"_coverageSchema":"1a1c01bbd47fc00a2c39e90264f33305004495a9","hash":"62b2e8fbff5dcc794c657fff60e519ac71e00f2f"}
,"/Users/tuananhle/Desktop/Everything/Springboard/Node/Node-biztime/routes/invoices.js": {"path":"/Users/tuananhle/Desktop/Everything/Springboard/Node/Node-biztime/routes/invoices.js","statementMap":{"0":{"start":{"line":1,"column":16},"end":{"line":1,"column":34}},"1":{"start":{"line":2,"column":15},"end":{"line":2,"column":31}},"2":{"start":{"line":3,"column":21},"end":{"line":3,"column":47}},"3":{"start":{"line":4,"column":11},"end":{"line":4,"column":27}},"4":{"start":{"line":6,"column":0},"end":{"line":13,"column":2}},"5":{"start":{"line":7,"column":4},"end":{"line":12,"column":5}},"6":{"start":{"line":8,"column":19},"end":{"line":8,"column":59}},"7":{"start":{"line":9,"column":8},"end":{"line":9,"column":45}},"8":{"start":{"line":11,"column":8},"end":{"line":11,"column":23}},"9":{"start":{"line":15,"column":0},"end":{"line":27,"column":2}},"10":{"start":{"line":16,"column":4},"end":{"line":26,"column":5}},"11":{"start":{"line":17,"column":21},"end":{"line":17,"column":31}},"12":{"start":{"line":18,"column":19},"end":{"line":19,"column":29}},"13":{"start":{"line":20,"column":8},"end":{"line":22,"column":9}},"14":{"start":{"line":21,"column":12},"end":{"line":21,"column":87}},"15":{"start":{"line":23,"column":8},"end":{"line":23,"column":46}},"16":{"start":{"line":25,"column":8},"end":{"line":25,"column":23}},"17":{"start":{"line":29,"column":0},"end":{"line":42,"column":2}},"18":{"start":{"line":30,"column":4},"end":{"line":41,"column":5}},"19":{"start":{"line":31,"column":60},"end":{"line":31,"column":68}},"20":{"start":{"line":33,"column":19},"end":{"line":36,"column":65}},"21":{"start":{"line":38,"column":8},"end":{"line":38,"column":58}},"22":{"start":{"line":40,"column":8},"end":{"line":40,"column":23}},"23":{"start":{"line":44,"column":0},"end":{"line":59,"column":2}},"24":{"start":{"line":45,"column":4},"end":{"line":58,"column":5}},"25":{"start":{"line":46,"column":21},"end":{"line":46,"column":31}},"26":{"start":{"line":47,"column":60},"end":{"line":47,"column":68}},"27":{"start":{"line":48,"column":19},"end":{"line":51,"column":69}},"28":{"start":{"line":52,"column":8},"end":{"line":54,"column":9}},"29":{"start":{"line":53,"column":12},"end":{"line":53,"column":86}},"30":{"start":{"line":55,"column":8},"end":{"line":55,"column":46}},"31":{"start":{"line":57,"column":8},"end":{"line":57,"column":23}},"32":{"start":{"line":61,"column":0},"end":{"line":73,"column":2}},"33":{"start":{"line":62,"column":4},"end":{"line":72,"column":5}},"34":{"start":{"line":63,"column":21},"end":{"line":63,"column":31}},"35":{"start":{"line":64,"column":19},"end":{"line":65,"column":40}},"36":{"start":{"line":66,"column":8},"end":{"line":68,"column":9}},"37":{"start":{"line":67,"column":12},"end":{"line":67,"column":86}},"38":{"start":{"line":69,"column":8},"end":{"line":69,"column":42}},"39":{"start":{"line":71,"column":8},"end":{"line":71,"column":23}},"40":{"start":{"line":76,"column":0},"end":{"line":76,"column":24}}},"fnMap":{"0":{"name":"(anonymous_0)","decl":{"start":{"line":6,"column":16},"end":{"line":6,"column":17}},"loc":{"start":{"line":6,"column":40},"end":{"line":13,"column":1}},"line":6},"1":{"name":"(anonymous_1)","decl":{"start":{"line":15,"column":19},"end":{"line":15,"column":20}},"loc":{"start":{"line":15,"column":43},"end":{"line":27,"column":1}},"line":15},"2":{"name":"(anonymous_2)","decl":{"start":{"line":29,"column":17},"end":{"line":29,"column":18}},"loc":{"start":{"line":29,"column":41},"end":{"line":42,"column":1}},"line":29},"3":{"name":"(anonymous_3)","decl":{"start":{"line":44,"column":21},"end":{"line":44,"column":22}},"loc":{"start":{"line":44,"column":45},"end":{"line":59,"column":1}},"line":44},"4":{"name":"(anonymous_4)","decl":{"start":{"line":61,"column":22},"end":{"line":61,"column":23}},"loc":{"start":{"line":61,"column":46},"end":{"line":73,"column":1}},"line":61}},"branchMap":{"0":{"loc":{"start":{"line":20,"column":8},"end":{"line":22,"column":9}},"type":"if","locations":[{"start":{"line":20,"column":8},"end":{"line":22,"column":9}},{"start":{"line":20,"column":8},"end":{"line":22,"column":9}}],"line":20},"1":{"loc":{"start":{"line":52,"column":8},"end":{"line":54,"column":9}},"type":"if","locations":[{"start":{"line":52,"column":8},"end":{"line":54,"column":9}},{"start":{"line":52,"column":8},"end":{"line":54,"column":9}}],"line":52},"2":{"loc":{"start":{"line":66,"column":8},"end":{"line":68,"column":9}},"type":"if","locations":[{"start":{"line":66,"column":8},"end":{"line":68,"column":9}},{"start":{"line":66,"column":8},"end":{"line":68,"column":9}}],"line":66}},"s":{"0":1,"1":1,"2":1,"3":1,"4":1,"5":1,"6":1,"7":1,"8":0,"9":1,"10":2,"11":2,"12":2,"13":2,"14":1,"15":1,"16":1,"17":1,"18":1,"19":1,"20":1,"21":1,"22":0,"23":1,"24":2,"25":2,"26":2,"27":2,"28":2,"29":1,"30":1,"31":1,"32":1,"33":1,"34":1,"35":1,"36":1,"37":0,"38":1,"39":0,"40":1},"f":{"0":1,"1":2,"2":1,"3":2,"4":1},"b":{"0":[1,1],"1":[1,1],"2":[0,1]},"_coverageSchema":"1a1c01bbd47fc00a2c39e90264f33305004495a9","hash":"852f47f91eb68f208b575a290bd1ebad28a093c4"}
}
